{"C:\\Sachin\\Projects\\BuildWithAI\\virtualPromptWars\\ep2\\src\\components\\Common\\FloatingAssistant.jsx": {"path":"C:\\Sachin\\Projects\\BuildWithAI\\virtualPromptWars\\ep2\\src\\components\\Common\\FloatingAssistant.jsx","statementMap":{"0":{"start":{"line":4,"column":13},"end":{"line":23,"column":null}},"1":{"start":{"line":5,"column":2},"end":{"line":23,"column":null}}},"fnMap":{"0":{"name":"(anonymous_0)","decl":{"start":{"line":4,"column":33},"end":{"line":4,"column":39}},"loc":{"start":{"line":5,"column":2},"end":{"line":23,"column":null}},"line":5}},"branchMap":{},"s":{"0":1,"1":2},"f":{"0":2},"b":{},"meta":{"lastBranch":0,"lastFunction":1,"lastStatement":2,"seen":{"s:4:13:23:Infinity":0,"f:4:33:4:39":0,"s:5:2:23:Infinity":1}}}
,"C:\\Sachin\\Projects\\BuildWithAI\\virtualPromptWars\\ep2\\src\\lib\\routes.js": {"path":"C:\\Sachin\\Projects\\BuildWithAI\\virtualPromptWars\\ep2\\src\\lib\\routes.js","statementMap":{"0":{"start":{"line":1,"column":22},"end":{"line":19,"column":null}}},"fnMap":{},"branchMap":{},"s":{"0":1},"f":{},"b":{},"meta":{"lastBranch":0,"lastFunction":0,"lastStatement":1,"seen":{"s:1:22:19:Infinity":0}}}
,"C:\\Sachin\\Projects\\BuildWithAI\\virtualPromptWars\\ep2\\src\\utils\\intentMatcher.js": {"path":"C:\\Sachin\\Projects\\BuildWithAI\\virtualPromptWars\\ep2\\src\\utils\\intentMatcher.js","statementMap":{"0":{"start":{"line":9,"column":13},"end":{"line":29,"column":null}},"1":{"start":{"line":10,"column":2},"end":{"line":10,"column":null}},"2":{"start":{"line":10,"column":14},"end":{"line":10,"column":null}},"3":{"start":{"line":11,"column":12},"end":{"line":11,"column":31}},"4":{"start":{"line":12,"column":18},"end":{"line":12,"column":null}},"5":{"start":{"line":13,"column":17},"end":{"line":13,"column":null}},"6":{"start":{"line":15,"column":2},"end":{"line":27,"column":null}},"7":{"start":{"line":16,"column":4},"end":{"line":26,"column":null}},"8":{"start":{"line":17,"column":18},"end":{"line":17,"column":null}},"9":{"start":{"line":18,"column":6},"end":{"line":18,"column":null}},"10":{"start":{"line":18,"column":50},"end":{"line":18,"column":null}},"11":{"start":{"line":19,"column":6},"end":{"line":19,"column":null}},"12":{"start":{"line":19,"column":54},"end":{"line":19,"column":null}},"13":{"start":{"line":20,"column":6},"end":{"line":20,"column":null}},"14":{"start":{"line":20,"column":34},"end":{"line":20,"column":61}},"15":{"start":{"line":20,"column":64},"end":{"line":20,"column":null}},"16":{"start":{"line":22,"column":6},"end":{"line":24,"column":null}},"17":{"start":{"line":23,"column":8},"end":{"line":23,"column":null}},"18":{"start":{"line":24,"column":8},"end":{"line":24,"column":null}},"19":{"start":{"line":29,"column":2},"end":{"line":29,"column":null}},"20":{"start":{"line":37,"column":13},"end":{"line":57,"column":null}},"21":{"start":{"line":38,"column":2},"end":{"line":38,"column":null}},"22":{"start":{"line":38,"column":14},"end":{"line":38,"column":null}},"23":{"start":{"line":39,"column":12},"end":{"line":39,"column":31}},"24":{"start":{"line":40,"column":18},"end":{"line":49,"column":null}},"25":{"start":{"line":51,"column":2},"end":{"line":53,"column":null}},"26":{"start":{"line":52,"column":4},"end":{"line":53,"column":null}},"27":{"start":{"line":52,"column":32},"end":{"line":52,"column":45}},"28":{"start":{"line":53,"column":6},"end":{"line":53,"column":null}},"29":{"start":{"line":57,"column":2},"end":{"line":57,"column":null}}},"fnMap":{"0":{"name":"(anonymous_0)","decl":{"start":{"line":9,"column":13},"end":{"line":9,"column":29}},"loc":{"start":{"line":9,"column":39},"end":{"line":29,"column":null}},"line":9},"1":{"name":"(anonymous_1)","decl":{"start":{"line":15,"column":15},"end":{"line":15,"column":23}},"loc":{"start":{"line":15,"column":30},"end":{"line":27,"column":null}},"line":15},"2":{"name":"(anonymous_2)","decl":{"start":{"line":16,"column":13},"end":{"line":16,"column":21}},"loc":{"start":{"line":16,"column":28},"end":{"line":26,"column":null}},"line":16},"3":{"name":"(anonymous_3)","decl":{"start":{"line":20,"column":24},"end":{"line":20,"column":29}},"loc":{"start":{"line":20,"column":34},"end":{"line":20,"column":61}},"line":20},"4":{"name":"(anonymous_4)","decl":{"start":{"line":37,"column":13},"end":{"line":37,"column":31}},"loc":{"start":{"line":37,"column":41},"end":{"line":57,"column":null}},"line":37},"5":{"name":"(anonymous_5)","decl":{"start":{"line":52,"column":22},"end":{"line":52,"column":27}},"loc":{"start":{"line":52,"column":32},"end":{"line":52,"column":45}},"line":52}},"branchMap":{"0":{"loc":{"start":{"line":10,"column":2},"end":{"line":10,"column":null}},"type":"if","locations":[{"start":{"line":10,"column":2},"end":{"line":10,"column":null}},{"start":{},"end":{}}],"line":10},"1":{"loc":{"start":{"line":18,"column":6},"end":{"line":18,"column":null}},"type":"if","locations":[{"start":{"line":18,"column":6},"end":{"line":18,"column":null}},{"start":{},"end":{}}],"line":18},"2":{"loc":{"start":{"line":19,"column":6},"end":{"line":19,"column":null}},"type":"if","locations":[{"start":{"line":19,"column":6},"end":{"line":19,"column":null}},{"start":{},"end":{}}],"line":19},"3":{"loc":{"start":{"line":20,"column":6},"end":{"line":20,"column":null}},"type":"if","locations":[{"start":{"line":20,"column":6},"end":{"line":20,"column":null}},{"start":{},"end":{}}],"line":20},"4":{"loc":{"start":{"line":22,"column":6},"end":{"line":24,"column":null}},"type":"if","locations":[{"start":{"line":22,"column":6},"end":{"line":24,"column":null}},{"start":{},"end":{}}],"line":22},"5":{"loc":{"start":{"line":29,"column":9},"end":{"line":29,"column":null}},"type":"cond-expr","locations":[{"start":{"line":29,"column":25},"end":{"line":29,"column":37}},{"start":{"line":29,"column":37},"end":{"line":29,"column":null}}],"line":29},"6":{"loc":{"start":{"line":38,"column":2},"end":{"line":38,"column":null}},"type":"if","locations":[{"start":{"line":38,"column":2},"end":{"line":38,"column":null}},{"start":{},"end":{}}],"line":38},"7":{"loc":{"start":{"line":52,"column":4},"end":{"line":53,"column":null}},"type":"if","locations":[{"start":{"line":52,"column":4},"end":{"line":53,"column":null}},{"start":{},"end":{}}],"line":52}},"s":{"0":1,"1":2,"2":0,"3":2,"4":2,"5":2,"6":2,"7":2,"8":2,"9":2,"10":1,"11":2,"12":0,"13":2,"14":0,"15":0,"16":2,"17":1,"18":1,"19":2,"20":1,"21":1,"22":0,"23":1,"24":1,"25":1,"26":1,"27":1,"28":1,"29":0},"f":{"0":2,"1":2,"2":2,"3":0,"4":1,"5":1},"b":{"0":[0,2],"1":[1,1],"2":[0,2],"3":[0,2],"4":[1,1],"5":[1,1],"6":[0,1],"7":[1,0]},"meta":{"lastBranch":8,"lastFunction":6,"lastStatement":30,"seen":{"s:9:13:29:Infinity":0,"f:9:13:9:29":0,"b:10:2:10:Infinity:undefined:undefined:undefined:undefined":0,"s:10:2:10:Infinity":1,"s:10:14:10:Infinity":2,"s:11:12:11:31":3,"s:12:18:12:Infinity":4,"s:13:17:13:Infinity":5,"s:15:2:27:Infinity":6,"f:15:15:15:23":1,"s:16:4:26:Infinity":7,"f:16:13:16:21":2,"s:17:18:17:Infinity":8,"b:18:6:18:Infinity:undefined:undefined:undefined:undefined":1,"s:18:6:18:Infinity":9,"s:18:50:18:Infinity":10,"b:19:6:19:Infinity:undefined:undefined:undefined:undefined":2,"s:19:6:19:Infinity":11,"s:19:54:19:Infinity":12,"b:20:6:20:Infinity:undefined:undefined:undefined:undefined":3,"s:20:6:20:Infinity":13,"f:20:24:20:29":3,"s:20:34:20:61":14,"s:20:64:20:Infinity":15,"b:22:6:24:Infinity:undefined:undefined:undefined:undefined":4,"s:22:6:24:Infinity":16,"s:23:8:23:Infinity":17,"s:24:8:24:Infinity":18,"s:29:2:29:Infinity":19,"b:29:25:29:37:29:37:29:Infinity":5,"s:37:13:57:Infinity":20,"f:37:13:37:31":4,"b:38:2:38:Infinity:undefined:undefined:undefined:undefined":6,"s:38:2:38:Infinity":21,"s:38:14:38:Infinity":22,"s:39:12:39:31":23,"s:40:18:49:Infinity":24,"s:51:2:53:Infinity":25,"b:52:4:53:Infinity:undefined:undefined:undefined:undefined":7,"s:52:4:53:Infinity":26,"f:52:22:52:27":5,"s:52:32:52:45":27,"s:53:6:53:Infinity":28,"s:57:2:57:Infinity":29}}}
}
